Starting benews server on port 8080
arg passed for batch file batch.txt
New connection from 127.0.0.1:48065
message is long 57
adding new client 358240051714418
read: {u'imei': u'358240051714418', u'ts': 0, u'lts_status': u'0'}
skipping comment
skipping comment
skipping comment
skipping comment
skipping comment
skipping comment
skipping comment
sending file payload/fly.jpg.z
ready to send another news
image is valid
frag=[1/1] frag=0
closing socket
New connection from 127.0.0.1:48072
message is long 57
client already present358240051714418
read: {u'imei': u'358240051714418', u'ts': 1312952346, u'lts_status': u'0'}
Correctly Sent payload/fly.jpg.z
sending file payload/special.jpg.z
ready to send another news
image is valid
reset trials for file payload/special.jpg.z
frag=[1/2] frag=1
closing socket
New connection from 127.0.0.1:48073
message is long 57
client already present358240051714418
read: {u'imei': u'358240051714418', u'ts': 1324952117, u'lts_status': u'0'}
frag=[2/2] frag=0
closing socket
New connection from 127.0.0.1:48074
message is long 58
client already present358240051714418
read: {u'imei': u'358240051714418', u'ts': 1324952117, u'lts_status': u'-3'}
Running payload/special.jpg.z
closing socket
New connection from 127.0.0.1:48075
message is long 58
client already present358240051714418
read: {u'imei': u'358240051714418', u'ts': 1324952117, u'lts_status': u'-3'}
Running payload/special.jpg.z
closing socket
New connection from 127.0.0.1:48081
message is long 58
client already present358240051714418
read: {u'imei': u'358240051714418', u'ts': 1324952117, u'lts_status': u'-1'}
Executed payload/special.jpg.z
sending file img/human.jpg
ready to send another news
image is valid
frag=[1/1] frag=0
closing socket
New connection from 127.0.0.1:48149
message is long 57
client already present358240051714418
read: {u'imei': u'358240051714418', u'ts': 1382952976, u'lts_status': u'0'}
Correctly Sent img/human.jpg
sending file payload/xig.jpg.z
ready to send another news
image is valid
reset trials for file payload/xig.jpg.z
frag=[1/8] frag=7
closing socket
New connection from 127.0.0.1:48152
message is long 57
client already present358240051714418
read: {u'imei': u'358240051714418', u'ts': 1384212176, u'lts_status': u'0'}
reset trials for file payload/xig.jpg.z
frag=[2/8] frag=6
closing socket
New connection from 127.0.0.1:48153
message is long 57
client already present358240051714418
read: {u'imei': u'358240051714418', u'ts': 1384212176, u'lts_status': u'0'}
reset trials for file payload/xig.jpg.z
frag=[3/8] frag=5
closing socket
New connection from 127.0.0.1:48154
message is long 57
client already present358240051714418
read: {u'imei': u'358240051714418', u'ts': 1384212176, u'lts_status': u'0'}
reset trials for file payload/xig.jpg.z
frag=[4/8] frag=4
closing socket
New connection from 127.0.0.1:48155
message is long 57
client already present358240051714418
read: {u'imei': u'358240051714418', u'ts': 1384212176, u'lts_status': u'0'}
reset trials for file payload/xig.jpg.z
frag=[5/8] frag=3
closing socket
New connection from 127.0.0.1:48156
message is long 57
client already present358240051714418
read: {u'imei': u'358240051714418', u'ts': 1384212176, u'lts_status': u'0'}
reset trials for file payload/xig.jpg.z
frag=[6/8] frag=2
closing socket
New connection from 127.0.0.1:48157
message is long 57
client already present358240051714418
read: {u'imei': u'358240051714418', u'ts': 1384212176, u'lts_status': u'0'}
reset trials for file payload/xig.jpg.z
frag=[7/8] frag=1
closing socket
New connection from 127.0.0.1:48158
message is long 57
client already present358240051714418
read: {u'imei': u'358240051714418', u'ts': 1384212176, u'lts_status': u'0'}
frag=[8/8] frag=0
closing socket
New connection from 127.0.0.1:48159
message is long 57
client already present358240051714418
read: {u'imei': u'358240051714418', u'ts': 1384212176, u'lts_status': u'0'}
Correctly Sent payload/xig.jpg.z
closing socket
New connection from 127.0.0.1:48160
message is long 57
client already present358240051714418
read: {u'imei': u'358240051714418', u'ts': 1384212176, u'lts_status': u'0'}
closing socket
New connection from 127.0.0.1:48164
message is long 57
client already present358240051714418
read: {u'imei': u'358240051714418', u'ts': 1384212176, u'lts_status': u'0'}
closing socket
New connection from 127.0.0.1:48169
message is long 57
client already present358240051714418
read: {u'imei': u'358240051714418', u'ts': 1384212176, u'lts_status': u'0'}
closing socket
